<?xml version="1.0" encoding="UTF-8"?>
<testsuite xmlns:xsi="http://www.w3.org/2001/XMLSchema-instance" xsi:noNamespaceSchemaLocation="https://maven.apache.org/surefire/maven-surefire-plugin/xsd/surefire-test-report.xsd" name="fa.training.dao.CandidateDaoTest" time="3.502" tests="17" errors="4" skipped="1" failures="1">
  <properties>
[...]
</properties>
  <testcase name="testFindAll" classname="fa.training.dao.CandidateDaoTest" time="3.142"/>
  <testcase name="testSave1" classname="fa.training.dao.CandidateDaoTest" time="0.094">
    <error message="could not execute statement" type="org.hibernate.exception.ConstraintViolationException">org.hibernate.exception.ConstraintViolationException: could not execute statement
	at fa.training.dao.CandidateDaoTest.testSave1(CandidateDaoTest.java:43)
Caused by: com.microsoft.sqlserver.jdbc.SQLServerException: Violation of UNIQUE KEY constraint 'UK_qybs7h9y2eg9cdtsac1f8kgoc'. Cannot insert duplicate key in object 'dbo.Cadidate'. The duplicate key value is (email1@gmail.com).
	at fa.training.dao.CandidateDaoTest.testSave1(CandidateDaoTest.java:43)
</error>
    <system-out><![CDATA[Hibernate: insert into dbo.Cadidate (allocation_status, cv, date_of_birth, email, foreign_language, full_name, gender, graduation_year, level, phone, remark, skill) values (?, ?, ?, ?, ?, ?, ?, ?, ?, ?, ?, ?)
]]></system-out>
    <system-err><![CDATA[Sep 09, 2022 1:32:57 PM org.hibernate.engine.jdbc.spi.SqlExceptionHelper logExceptions
WARN: SQL Error: 2627, SQLState: 23000
Sep 09, 2022 1:32:57 PM org.hibernate.engine.jdbc.spi.SqlExceptionHelper logExceptions
ERROR: Violation of UNIQUE KEY constraint 'UK_qybs7h9y2eg9cdtsac1f8kgoc'. Cannot insert duplicate key in object 'dbo.Cadidate'. The duplicate key value is (email1@gmail.com).
]]></system-err>
  </testcase>
  <testcase name="testSave2" classname="fa.training.dao.CandidateDaoTest" time="0.016">
    <error message="could not execute statement" type="org.hibernate.exception.ConstraintViolationException">org.hibernate.exception.ConstraintViolationException: could not execute statement
	at fa.training.dao.CandidateDaoTest.testSave2(CandidateDaoTest.java:55)
Caused by: com.microsoft.sqlserver.jdbc.SQLServerException: Violation of UNIQUE KEY constraint 'UK_qybs7h9y2eg9cdtsac1f8kgoc'. Cannot insert duplicate key in object 'dbo.Cadidate'. The duplicate key value is (email2@gmail.com).
	at fa.training.dao.CandidateDaoTest.testSave2(CandidateDaoTest.java:55)
</error>
    <system-out><![CDATA[Hibernate: insert into dbo.Cadidate (allocation_status, cv, date_of_birth, email, foreign_language, full_name, gender, graduation_year, level, phone, remark, skill) values (?, ?, ?, ?, ?, ?, ?, ?, ?, ?, ?, ?)
]]></system-out>
    <system-err><![CDATA[Sep 09, 2022 1:32:57 PM org.hibernate.engine.jdbc.spi.SqlExceptionHelper logExceptions
WARN: SQL Error: 2627, SQLState: 23000
Sep 09, 2022 1:32:57 PM org.hibernate.engine.jdbc.spi.SqlExceptionHelper logExceptions
ERROR: Violation of UNIQUE KEY constraint 'UK_qybs7h9y2eg9cdtsac1f8kgoc'. Cannot insert duplicate key in object 'dbo.Cadidate'. The duplicate key value is (email2@gmail.com).
]]></system-err>
  </testcase>
  <testcase name="testSave3" classname="fa.training.dao.CandidateDaoTest" time="0">
    <error message="could not execute statement" type="org.hibernate.exception.ConstraintViolationException">org.hibernate.exception.ConstraintViolationException: could not execute statement
	at fa.training.dao.CandidateDaoTest.testSave3(CandidateDaoTest.java:65)
Caused by: com.microsoft.sqlserver.jdbc.SQLServerException: Violation of UNIQUE KEY constraint 'UK_qybs7h9y2eg9cdtsac1f8kgoc'. Cannot insert duplicate key in object 'dbo.Cadidate'. The duplicate key value is (email3@gmail.com).
	at fa.training.dao.CandidateDaoTest.testSave3(CandidateDaoTest.java:65)
</error>
    <system-out><![CDATA[Hibernate: insert into dbo.Cadidate (allocation_status, cv, date_of_birth, email, foreign_language, full_name, gender, graduation_year, level, phone, remark, skill) values (?, ?, ?, ?, ?, ?, ?, ?, ?, ?, ?, ?)
]]></system-out>
    <system-err><![CDATA[Sep 09, 2022 1:32:57 PM org.hibernate.engine.jdbc.spi.SqlExceptionHelper logExceptions
WARN: SQL Error: 2627, SQLState: 23000
Sep 09, 2022 1:32:57 PM org.hibernate.engine.jdbc.spi.SqlExceptionHelper logExceptions
ERROR: Violation of UNIQUE KEY constraint 'UK_qybs7h9y2eg9cdtsac1f8kgoc'. Cannot insert duplicate key in object 'dbo.Cadidate'. The duplicate key value is (email3@gmail.com).
]]></system-err>
  </testcase>
  <testcase name="testFindBySkillAndLevel" classname="fa.training.dao.CandidateDaoTest" time="0.031"/>
  <testcase name="testFindWithPaging" classname="fa.training.dao.CandidateDaoTest" time="0"/>
  <testcase name="testFindBySkillAndResultTest" classname="fa.training.dao.CandidateDaoTest" time="0.031"/>
  <testcase name="testFindById" classname="fa.training.dao.CandidateDaoTest" time="0.016"/>
  <testcase name="testUpdateRemark" classname="fa.training.dao.CandidateDaoTest" time="0.016">
    <failure message="expected: &lt;true&gt; but was: &lt;false&gt;" type="org.opentest4j.AssertionFailedError"><![CDATA[org.opentest4j.AssertionFailedError: expected: <true> but was: <false>
	at fa.training.dao.CandidateDaoTest.testUpdateRemark(CandidateDaoTest.java:147)
]]></failure>
    <system-out><![CDATA[Hibernate: update dbo.Cadidate set remark=? where phone is null or email is null or cv is null
]]></system-out>
  </testcase>
  <testcase name="testFindBySkillAndForeignLanguage" classname="fa.training.dao.CandidateDaoTest" time="0.015"/>
  <testcase name="testLevelLowerOne" classname="fa.training.dao.CandidateDaoTest" time="0.047"/>
  <testcase name="testFindByInterviewResult" classname="fa.training.dao.CandidateDaoTest" time="0.016"/>
  <testcase name="testDelete" classname="fa.training.dao.CandidateDaoTest" time="0">
    <skipped message="void fa.training.dao.CandidateDaoTest.testDelete() throws java.lang.Exception is @Disabled"/>
  </testcase>
  <testcase name="testGender" classname="fa.training.dao.CandidateDaoTest" time="0.015"/>
  <testcase name="testLevelGreaterSeven" classname="fa.training.dao.CandidateDaoTest" time="0.016"/>
  <testcase name="testNotNull" classname="fa.training.dao.CandidateDaoTest" time="0.016"/>
  <testcase name="testUpdate" classname="fa.training.dao.CandidateDaoTest" time="0.015">
    <error message="org.hibernate.exception.ConstraintViolationException: could not execute statement" type="javax.persistence.PersistenceException">javax.persistence.PersistenceException: org.hibernate.exception.ConstraintViolationException: could not execute statement
	at fa.training.dao.CandidateDaoTest.testUpdate(CandidateDaoTest.java:139)
Caused by: org.hibernate.exception.ConstraintViolationException: could not execute statement
	at fa.training.dao.CandidateDaoTest.testUpdate(CandidateDaoTest.java:139)
Caused by: com.microsoft.sqlserver.jdbc.SQLServerException: Violation of UNIQUE KEY constraint 'UK_4vucdnv7uxkltmkfd5doqwv7y'. Cannot insert duplicate key in object 'dbo.Cadidate'. The duplicate key value is (03315654).
	at fa.training.dao.CandidateDaoTest.testUpdate(CandidateDaoTest.java:139)
</error>
    <system-out><![CDATA[Hibernate: update dbo.Cadidate set full_name=?, date_of_birth=?, gender=?, graduation_year=?, phone=?, email=?, skill=?, foreign_language=?, level=?, cv=?, allocation_status=?, remark=? where candidate_id=?
]]></system-out>
    <system-err><![CDATA[Sep 09, 2022 1:32:57 PM org.hibernate.engine.jdbc.spi.SqlExceptionHelper logExceptions
WARN: SQL Error: 2627, SQLState: 23000
Sep 09, 2022 1:32:57 PM org.hibernate.engine.jdbc.spi.SqlExceptionHelper logExceptions
ERROR: Violation of UNIQUE KEY constraint 'UK_4vucdnv7uxkltmkfd5doqwv7y'. Cannot insert duplicate key in object 'dbo.Cadidate'. The duplicate key value is (03315654).
]]></system-err>
  </testcase>
</testsuite>